<?xml version="1.0" encoding="UTF-8"?>
<!-- Generated by org.testng.reporters.JUnitXMLReporter -->
<testsuite hostname="ip-172-31-65-116" ignored="0" name="Test" tests="4" failures="0" timestamp="2021-06-25T06:03:41 UTC" time="0.078" errors="0">
  <testcase name="Homepage" time="0.008" classname="test.TestCase2"/>
  <testcase name="LoginTest" time="0.002" classname="test.TestCase1"/>
  <testcase name="SignUpTest" time="0.002" classname="test.TestCase1"/>
  <testcase name="Checkoutpage" time="0.001" classname="test1.TestCase3"/>
</testsuite> <!-- Test -->
