<?xml version="1.0" encoding="UTF-8"?>
<testng-results skipped="0" failed="0" ignored="0" total="2" passed="2">
  <reporter-output>
  </reporter-output>
  <suite name="Suite" duration-ms="2625" started-at="2021-07-04T20:40:03 UTC" finished-at="2021-07-04T20:40:06 UTC">
    <groups>
    </groups>
    <test name="Application Test" duration-ms="2625" started-at="2021-07-04T20:40:03 UTC" finished-at="2021-07-04T20:40:06 UTC">
      <class name="ShoppingTest.AddToCart">
        <test-method status="PASS" signature="setup()[pri:0, instance:ShoppingTest.AddToCart@307f6b8c]" name="setup" is-config="true" duration-ms="1699" started-at="2021-07-04T20:40:03 UTC" finished-at="2021-07-04T20:40:05 UTC">
          <reporter-output>
          </reporter-output>
        </test-method> <!-- setup -->
        <test-method status="PASS" signature="Login(java.lang.String,java.lang.String)[pri:0, instance:ShoppingTest.AddToCart@307f6b8c]" name="Login" duration-ms="479" started-at="2021-07-04T20:40:05 UTC" finished-at="2021-07-04T20:40:06 UTC">
          <params>
            <param index="0">
              <value>
                <![CDATA[standard_user]]>
              </value>
            </param>
            <param index="1">
              <value>
                <![CDATA[secret_sauce]]>
              </value>
            </param>
          </params>
          <reporter-output>
          </reporter-output>
        </test-method> <!-- Login -->
        <test-method status="PASS" signature="AddCart()[pri:0, instance:ShoppingTest.AddToCart@307f6b8c]" name="AddCart" duration-ms="328" started-at="2021-07-04T20:40:06 UTC" depends-on-methods="ShoppingTest.AddToCart.Login" finished-at="2021-07-04T20:40:06 UTC">
          <reporter-output>
          </reporter-output>
        </test-method> <!-- AddCart -->
        <test-method status="PASS" signature="teardown()[pri:0, instance:ShoppingTest.AddToCart@307f6b8c]" name="teardown" is-config="true" duration-ms="73" started-at="2021-07-04T20:40:06 UTC" finished-at="2021-07-04T20:40:06 UTC">
          <reporter-output>
          </reporter-output>
        </test-method> <!-- teardown -->
      </class> <!-- ShoppingTest.AddToCart -->
    </test> <!-- Application Test -->
  </suite> <!-- Suite -->
</testng-results>
